<?xml version="1.0" encoding="UTF-8" ?>
<testsuite tests="14" failures="0" name="RALITest" time="0.971" errors="0" skipped="0">
  <properties>
[...]
</properties>
  <testcase classname="RALITest" name="testUnion" time="0.474"/>
  <testcase classname="RALITest" name="testJoin" time="0.086"/>
  <testcase classname="RALITest" name="testSelection" time="0.051"/>
  <testcase classname="RALITest" name="testProduct" time="0.042"/>
  <testcase classname="RALITest" name="testRelations" time="0.04"/>
  <testcase classname="RALITest" name="testThetaJoin" time="0.038"/>
  <testcase classname="RALITest" name="testSelectionNestedConditions" time="0.031"/>
  <testcase classname="RALITest" name="testDifference" time="0.033"/>
  <testcase classname="RALITest" name="testDivision" time="0.032"/>
  <testcase classname="RALITest" name="testIntersection" time="0.029"/>
  <testcase classname="RALITest" name="testProjection" time="0.035"/>
  <testcase classname="RALITest" name="testRename" time="0.03"/>
  <testcase classname="RALITest" name="testSelectionAndProjection" time="0.025"/>
  <testcase classname="RALITest" name="testInlineRelation" time="0.025"/>
</testsuite>