<?xml version="1.0" encoding="UTF-8" ?>
<testsuite tests="19" failures="0" name="ERALITest" time="0.485" errors="0" skipped="0">
  <properties>
[...]
</properties>
  <testcase classname="ERALITest" name="testSetIntersection" time="0.068"/>
  <testcase classname="ERALITest" name="testJoin1" time="0.05"/>
  <testcase classname="ERALITest" name="testUnion" time="0.025"/>
  <testcase classname="ERALITest" name="testNULL" time="0.027"/>
  <testcase classname="ERALITest" name="testSort" time="0.026"/>
  <testcase classname="ERALITest" name="testGeneralizedProjection1" time="0.026"/>
  <testcase classname="ERALITest" name="testGeneralizedProjection2" time="0.025"/>
  <testcase classname="ERALITest" name="testProduct" time="0.021"/>
  <testcase classname="ERALITest" name="testSetDifference" time="0.024"/>
  <testcase classname="ERALITest" name="testAggregation" time="0.032"/>
  <testcase classname="ERALITest" name="testThetaJoin" time="0.021"/>
  <testcase classname="ERALITest" name="testSelectionNestedConditions" time="0.023"/>
  <testcase classname="ERALITest" name="testDifference" time="0.021"/>
  <testcase classname="ERALITest" name="testDivision" time="0.027"/>
  <testcase classname="ERALITest" name="testIntersection" time="0.018"/>
  <testcase classname="ERALITest" name="testProjection" time="0.013"/>
  <testcase classname="ERALITest" name="testRename" time="0.013"/>
  <testcase classname="ERALITest" name="testSetDivision" time="0.014"/>
  <testcase classname="ERALITest" name="testSetUnion" time="0.011"/>
</testsuite>